mktextfm Poppins
mktextfm Poppins
mktextfm Poppins
mktextfm Poppins/BI
mktextfm Poppins
mktextfm Poppins/B
mktextfm Poppins
mktextfm Poppins/I
mktextfm Poppins
mktextfm Poppins
mktextfm Poppins
mktextfm Poppins
mktextfm Poppins
mktextfm Poppins
mktextfm Poppins
mktextfm Poppins
mktextfm Poppins
mktextfm Poppins
mktextfm Poppins/BI
mktextfm Poppins
mktextfm Poppins/B
mktextfm Poppins
mktextfm Poppins/I
mktextfm Poppins
mktextfm Poppins
mktextfm Poppins
mktextfm Poppins
mktextfm Poppins
mktextfm Poppins
mktextfm Poppins
mktextfm Poppins
mktextfm Poppins
mktextfm Poppins
mktextfm Poppins/BI
mktextfm Poppins
mktextfm Poppins/B
mktextfm Poppins
mktextfm Poppins/I
mktextfm Poppins
mktextfm Poppins
mktextfm Poppins
mktextfm Poppins
mktextfm Poppins
mktextfm Poppins
mktextfm Poppins
mktextfm Poppins
mktextfm Poppins
mktextfm Poppins
mktextfm Poppins/BI
mktextfm Poppins
mktextfm Poppins/B
mktextfm Poppins
mktextfm Poppins/I
mktextfm Poppins
mktextfm Poppins
mktextfm Poppins
mktextfm Poppins
mktextfm Poppins
mktextfm Poppins
mktextfm Poppins
mktextfm Poppins
mktextfm Poppins
mktextfm Poppins
mktextfm Poppins/BI
mktextfm Poppins
mktextfm Poppins/B
mktextfm Poppins
mktextfm Poppins/I
mktextfm Poppins
mktextfm Poppins
mktextfm Poppins
mktextfm Poppins
mktextfm Poppins
mktextfm Poppins
mktextfm Poppins
mktextfm Poppins
mktextfm Poppins
mktextfm Poppins
mktextfm Poppins/BI
mktextfm Poppins
mktextfm Poppins/B
mktextfm Poppins
mktextfm Poppins/I
mktextfm Poppins
mktextfm Poppins
mktextfm Poppins
mktextfm Poppins
mktextfm Poppins
mktextfm Poppins
mktextfm Poppins
mktextfm Poppins
mktextfm Poppins
mktextfm Poppins
mktextfm Poppins/BI
mktextfm Poppins
mktextfm Poppins/B
mktextfm Poppins
mktextfm Poppins/I
mktextfm Poppins
mktextfm Poppins
mktextfm Poppins
mktextfm Poppins
mktextfm Poppins
mktextfm Poppins
mktextfm Poppins
mktextfm Gibson
mktextfm Gibson
mktextfm Gibson
mktextfm Gibson
mktextfm Gibson/B
mktextfm Gibson
mktextfm Gibson/I
mktextfm Gibson
mktextfm Gibson/BI
mktextfm Gibson
mktextfm Gibson
mktextfm Gibson
mktextfm Gibson
mktextfm Gibson/B
mktextfm Gibson
mktextfm Gibson/I
mktextfm Gibson
mktextfm Gibson/BI
mktextfm Gibson
mktextfm Gibson
mktextfm Gibson
mktextfm Gibson
mktextfm Gibson/B
mktextfm Gibson
mktextfm Gibson/I
mktextfm Gibson
mktextfm Gibson/BI
mktextfm Gibson
mktextfm Gibson
mktextfm Gibson
mktextfm Gibson/BI
mktextfm Gibson
mktextfm Gibson/B
mktextfm Gibson
mktextfm Gibson/I
mktextfm Gibson
mktextfm Gibson
mktextfm Gibson
mktextfm Gibson
mktextfm Gibson
mktextfm Gibson/BI
mktextfm Gibson
mktextfm Gibson/B
mktextfm Gibson
mktextfm Gibson/I
mktextfm Gibson
mktextfm Gibson
